# JRE version: OpenJDK Runtime Environment Temurin-17.0.6+10 (17.0.6+10) (build 17.0.6+10)
# Java VM: OpenJDK 64-Bit Server VM Temurin-17.0.6+10 (17.0.6+10, mixed mode, tiered, compressed oops, compressed class ptrs, g1 gc, windows-amd64)
GC Precious Log:
 CPUs: 6 total, 6 available
 Memory: 7550M
 Large Page Support: Disabled
 NUMA Support: Disabled
 Compressed Oops: Enabled (32-bit)
 Heap Region Size: 1M
 Heap Min Capacity: 8M
 Heap Initial Capacity: 118M
 Heap Max Capacity: 1888M
 Pre-touch: Disabled
 Parallel Workers: 6
 Concurrent Workers: 2
 Concurrent Refinement Workers: 6
 Periodic GC: Disabled
Heap:
 garbage-first heap   total 55296K, used 31183K [0x000000008a000000, 0x0000000100000000)
  region size 1024K, 3 young (3072K), 2 survivors (2048K)
 Metaspace       used 75336K, committed 75968K, reserved 1122304K
  class space    used 9819K, committed 10112K, reserved 1048576K
GC Heap History (20 events):
Event: 5.245 GC heap before
{Heap before GC invocations=18 (full 0):
 garbage-first heap   total 46080K, used 33328K [0x000000008a000000, 0x0000000100000000)
  region size 1024K, 14 young (14336K), 2 survivors (2048K)
 Metaspace       used 52850K, committed 53312K, reserved 1097728K
  class space    used 6493K, committed 6720K, reserved 1048576K
}
Event: 5.248 GC heap after
{Heap after GC invocations=19 (full 0):
 garbage-first heap   total 46080K, used 23060K [0x000000008a000000, 0x0000000100000000)
  region size 1024K, 2 young (2048K), 2 survivors (2048K)
 Metaspace       used 52850K, committed 53312K, reserved 1097728K
  class space    used 6493K, committed 6720K, reserved 1048576K
}
Event: 5.569 GC heap before
{Heap before GC invocations=19 (full 0):
 garbage-first heap   total 46080K, used 34324K [0x000000008a000000, 0x0000000100000000)
  region size 1024K, 14 young (14336K), 2 survivors (2048K)
 Metaspace       used 56169K, committed 56640K, reserved 1105920K
  class space    used 6903K, committed 7104K, reserved 1048576K
}
Event: 5.571 GC heap after
{Heap after GC invocations=20 (full 0):
 garbage-first heap   total 46080K, used 23775K [0x000000008a000000, 0x0000000100000000)
  region size 1024K, 2 young (2048K), 2 survivors (2048K)
 Metaspace       used 56169K, committed 56640K, reserved 1105920K
  class space    used 6903K, committed 7104K, reserved 1048576K
}
Event: 5.866 GC heap before
{Heap before GC invocations=21 (full 0):
 garbage-first heap   total 46080K, used 36063K [0x000000008a000000, 0x0000000100000000)
  region size 1024K, 14 young (14336K), 2 survivors (2048K)
 Metaspace       used 60094K, committed 60608K, reserved 1105920K
  class space    used 7641K, committed 7872K, reserved 1048576K
}
Event: 5.868 GC heap after
{Heap after GC invocations=22 (full 0):
 garbage-first heap   total 46080K, used 24321K [0x000000008a000000, 0x0000000100000000)
  region size 1024K, 2 young (2048K), 2 survivors (2048K)
 Metaspace       used 60094K, committed 60608K, reserved 1105920K
  class space    used 7641K, committed 7872K, reserved 1048576K
}
Event: 6.083 GC heap before
{Heap before GC invocations=22 (full 0):
 garbage-first heap   total 46080K, used 35585K [0x000000008a000000, 0x0000000100000000)
  region size 1024K, 14 young (14336K), 2 survivors (2048K)
 Metaspace       used 62236K, committed 62656K, reserved 1105920K
  class space    used 7972K, committed 8192K, reserved 1048576K
}
Event: 6.086 GC heap after
{Heap after GC invocations=23 (full 0):
 garbage-first heap   total 46080K, used 24827K [0x000000008a000000, 0x0000000100000000)
  region size 1024K, 2 young (2048K), 2 survivors (2048K)
 Metaspace       used 62236K, committed 62656K, reserved 1105920K
  class space    used 7972K, committed 8192K, reserved 1048576K
}
Event: 6.522 GC heap before
{Heap before GC invocations=24 (full 0):
 garbage-first heap   total 46080K, used 36091K [0x000000008a000000, 0x0000000100000000)
  region size 1024K, 13 young (13312K), 2 survivors (2048K)
 Metaspace       used 65103K, committed 65600K, reserved 1105920K
  class space    used 8395K, committed 8640K, reserved 1048576K
}
Event: 6.524 GC heap after
{Heap after GC invocations=25 (full 0):
 garbage-first heap   total 46080K, used 25303K [0x000000008a000000, 0x0000000100000000)
  region size 1024K, 2 young (2048K), 2 survivors (2048K)
 Metaspace       used 65103K, committed 65600K, reserved 1105920K
  class space    used 8395K, committed 8640K, reserved 1048576K
}
Event: 6.720 GC heap before
{Heap before GC invocations=25 (full 0):
 garbage-first heap   total 46080K, used 36567K [0x000000008a000000, 0x0000000100000000)
  region size 1024K, 13 young (13312K), 2 survivors (2048K)
 Metaspace       used 67329K, committed 67840K, reserved 1114112K
  class space    used 8690K, committed 8896K, reserved 1048576K
}
Event: 6.723 GC heap after
{Heap after GC invocations=26 (full 0):
 garbage-first heap   total 46080K, used 26222K [0x000000008a000000, 0x0000000100000000)
  region size 1024K, 2 young (2048K), 2 survivors (2048K)
 Metaspace       used 67329K, committed 67840K, reserved 1114112K
  class space    used 8690K, committed 8896K, reserved 1048576K
}
Event: 6.907 GC heap before
{Heap before GC invocations=27 (full 0):
 garbage-first heap   total 51200K, used 37486K [0x000000008a000000, 0x0000000100000000)
  region size 1024K, 13 young (13312K), 2 survivors (2048K)
 Metaspace       used 68736K, committed 69248K, reserved 1114112K
  class space    used 8902K, committed 9152K, reserved 1048576K
}
Event: 6.910 GC heap after
{Heap after GC invocations=28 (full 0):
 garbage-first heap   total 51200K, used 26735K [0x000000008a000000, 0x0000000100000000)
  region size 1024K, 2 young (2048K), 2 survivors (2048K)
 Metaspace       used 68736K, committed 69248K, reserved 1114112K
  class space    used 8902K, committed 9152K, reserved 1048576K
}
Event: 7.074 GC heap before
{Heap before GC invocations=28 (full 0):
 garbage-first heap   total 51200K, used 42095K [0x000000008a000000, 0x0000000100000000)
  region size 1024K, 17 young (17408K), 2 survivors (2048K)
 Metaspace       used 69685K, committed 70272K, reserved 1114112K
  class space    used 9042K, committed 9344K, reserved 1048576K
}
Event: 7.076 GC heap after
{Heap after GC invocations=29 (full 0):
 garbage-first heap   total 51200K, used 27589K [0x000000008a000000, 0x0000000100000000)
  region size 1024K, 3 young (3072K), 3 survivors (3072K)
 Metaspace       used 69685K, committed 70272K, reserved 1114112K
  class space    used 9042K, committed 9344K, reserved 1048576K
}
Event: 7.208 GC heap before
{Heap before GC invocations=30 (full 0):
 garbage-first heap   total 55296K, used 41925K [0x000000008a000000, 0x0000000100000000)
  region size 1024K, 17 young (17408K), 3 survivors (3072K)
 Metaspace       used 70482K, committed 71040K, reserved 1114112K
  class space    used 9148K, committed 9408K, reserved 1048576K
}
Event: 7.210 GC heap after
{Heap after GC invocations=31 (full 0):
 garbage-first heap   total 55296K, used 28110K [0x000000008a000000, 0x0000000100000000)
  region size 1024K, 2 young (2048K), 2 survivors (2048K)
 Metaspace       used 70482K, committed 71040K, reserved 1114112K
  class space    used 9148K, committed 9408K, reserved 1048576K
}
Event: 7.540 GC heap before
{Heap before GC invocations=31 (full 0):
 garbage-first heap   total 55296K, used 45518K [0x000000008a000000, 0x0000000100000000)
  region size 1024K, 19 young (19456K), 2 survivors (2048K)
 Metaspace       used 72784K, committed 73408K, reserved 1114112K
  class space    used 9485K, committed 9792K, reserved 1048576K
}
Event: 7.546 GC heap after
{Heap after GC invocations=32 (full 0):
 garbage-first heap   total 55296K, used 29785K [0x000000008a000000, 0x0000000100000000)
  region size 1024K, 3 young (3072K), 3 survivors (3072K)
 Metaspace       used 72784K, committed 73408K, reserved 1114112K
  class space    used 9485K, committed 9792K, reserved 1048576K
}

